  Circuit.cpp
C:\Users\sarga\OneDrive\Desktop\Final-Project\Final_Project\Final_Project\Helper.h(17,10): fatal  error C1083: Cannot open include file: 'CryptoPP\pch.h': No such file or directory
  Helper.cpp
C:\Users\sarga\OneDrive\Desktop\Final-Project\Final_Project\Final_Project\Helper.h(17,10): fatal  error C1083: Cannot open include file: 'CryptoPP\pch.h': No such file or directory
  Gate.cpp
C:\Users\sarga\OneDrive\Desktop\Final-Project\Final_Project\Final_Project\Helper.h(17,10): fatal  error C1083: Cannot open include file: 'CryptoPP\pch.h': No such file or directory
  Messages.cpp
C:\Users\sarga\OneDrive\Desktop\Final-Project\Final_Project\Final_Project\Helper.h(17,10): fatal  error C1083: Cannot open include file: 'CryptoPP\pch.h': No such file or directory
  Party.cpp
C:\Users\sarga\OneDrive\Desktop\Final-Project\Final_Project\Final_Project\Helper.h(17,10): fatal  error C1083: Cannot open include file: 'CryptoPP\pch.h': No such file or directory
  PartyShare.cpp
C:\Users\sarga\OneDrive\Desktop\Final-Project\Final_Project\Final_Project\Helper.h(17,10): fatal  error C1083: Cannot open include file: 'CryptoPP\pch.h': No such file or directory
  Share.cpp
C:\Users\sarga\OneDrive\Desktop\Final-Project\Final_Project\Final_Project\Helper.h(17,10): fatal  error C1083: Cannot open include file: 'CryptoPP\pch.h': No such file or directory
  Source.cpp
C:\Users\sarga\OneDrive\Desktop\Final-Project\Final_Project\Final_Project\Helper.h(17,10): fatal  error C1083: Cannot open include file: 'CryptoPP\pch.h': No such file or directory
  TcpClient.cpp
C:\Users\sarga\OneDrive\Desktop\Final-Project\Final_Project\Final_Project\Helper.h(17,10): fatal  error C1083: Cannot open include file: 'CryptoPP\pch.h': No such file or directory
  TcpServer.cpp
C:\Users\sarga\OneDrive\Desktop\Final-Project\Final_Project\Final_Project\Helper.h(17,10): fatal  error C1083: Cannot open include file: 'CryptoPP\pch.h': No such file or directory
  TcpSocket.cpp
C:\Users\sarga\OneDrive\Desktop\Final-Project\Final_Project\Final_Project\Helper.h(17,10): fatal  error C1083: Cannot open include file: 'CryptoPP\pch.h': No such file or directory
  WSAInitializer.cpp
  Generating Code...
